0 verbose cli /usr/alwaysdata/nodejs/20.19.0/bin/node /usr/alwaysdata/nodejs/20/bin/npm
1 info using npm@10.8.2
2 info using node@v20.19.0
3 silly config load:file:/usr/alwaysdata/nodejs/20.19.0/lib/node_modules/npm/npmrc
4 silly config load:file:/home/nutriscan/www/expressjs/.npmrc
5 silly config load:file:/etc/npmrc
6 verbose title npm init
7 verbose argv "init" "--yes"
8 verbose logfile logs-max:10 dir:/home/nutriscan/www/expressjs/.npm/_logs/2025-08-06T17_03_11_799Z-
9 verbose logfile /home/nutriscan/www/expressjs/.npm/_logs/2025-08-06T17_03_11_799Z-debug-0.log
10 silly logfile done cleaning log files
11 silly package data {
11 silly package data   name: 'expressjs',
11 silly package data   version: '1.0.0',
11 silly package data   main: 'index.js',
11 silly package data   scripts: { test: 'echo "Error: no test specified" && exit 1' },
11 silly package data   keywords: [],
11 silly package data   author: '',
11 silly package data   license: 'ISC',
11 silly package data   description: ''
11 silly package data }
12 verbose cwd /home/nutriscan/www/expressjs
13 verbose os Linux 6.12.33-alwaysdata
14 verbose node v20.19.0
15 verbose npm  v10.8.2
16 verbose exit 0
17 info ok
