0 verbose cli /usr/alwaysdata/nodejs/20.19.0/bin/node /usr/alwaysdata/nodejs/20/bin/npm
1 info using npm@10.8.2
2 info using node@v20.19.0
3 silly config load:file:/usr/alwaysdata/nodejs/20.19.0/lib/node_modules/npm/npmrc
4 silly config load:file:/home/nutriscan/www/expressjs/.npmrc
5 silly config load:file:/etc/npmrc
6 verbose title npm install express
7 verbose argv "install" "express" "--save"
8 verbose logfile logs-max:10 dir:/home/nutriscan/www/expressjs/.npm/_logs/2025-08-06T17_03_12_171Z-
9 verbose logfile /home/nutriscan/www/expressjs/.npm/_logs/2025-08-06T17_03_12_171Z-debug-0.log
10 silly packumentCache heap:4345298944 maxSize:1086324736 maxEntrySize:543162368
11 silly logfile done cleaning log files
12 silly idealTree buildDeps
13 silly fetch manifest express@*
14 silly packumentCache full:https://registry.npmjs.org/express cache-miss
15 http fetch GET 200 https://registry.npmjs.org/express 103ms (cache miss)
16 silly packumentCache full:https://registry.npmjs.org/express set size:undefined disposed:false
17 silly placeDep ROOT express@5.1.0 OK for: expressjs@1.0.0 want: *
18 silly fetch manifest qs@^6.14.0
19 silly packumentCache full:https://registry.npmjs.org/qs cache-miss
20 silly fetch manifest etag@^1.8.1
21 silly packumentCache full:https://registry.npmjs.org/etag cache-miss
22 silly fetch manifest once@^1.4.0
23 silly packumentCache full:https://registry.npmjs.org/once cache-miss
24 silly fetch manifest send@^1.1.0
25 silly packumentCache full:https://registry.npmjs.org/send cache-miss
26 silly fetch manifest vary@^1.1.2
27 silly packumentCache full:https://registry.npmjs.org/vary cache-miss
28 silly fetch manifest debug@^4.4.0
29 silly packumentCache full:https://registry.npmjs.org/debug cache-miss
30 silly fetch manifest fresh@^2.0.0
31 silly packumentCache full:https://registry.npmjs.org/fresh cache-miss
32 silly fetch manifest cookie@^0.7.1
33 silly packumentCache full:https://registry.npmjs.org/cookie cache-miss
34 silly fetch manifest router@^2.2.0
35 silly packumentCache full:https://registry.npmjs.org/router cache-miss
36 silly fetch manifest accepts@^2.0.0
37 silly packumentCache full:https://registry.npmjs.org/accepts cache-miss
38 silly fetch manifest type-is@^2.0.1
39 silly packumentCache full:https://registry.npmjs.org/type-is cache-miss
40 http fetch GET 200 https://registry.npmjs.org/qs 69ms (cache miss)
41 silly packumentCache full:https://registry.npmjs.org/qs set size:undefined disposed:false
42 silly fetch manifest parseurl@^1.3.3
43 silly packumentCache full:https://registry.npmjs.org/parseurl cache-miss
44 http fetch GET 200 https://registry.npmjs.org/etag 101ms (cache miss)
45 silly packumentCache full:https://registry.npmjs.org/etag set size:undefined disposed:false
46 silly fetch manifest statuses@^2.0.1
47 silly packumentCache full:https://registry.npmjs.org/statuses cache-miss
48 http fetch GET 200 https://registry.npmjs.org/once 104ms (cache miss)
49 silly packumentCache full:https://registry.npmjs.org/once set size:undefined disposed:false
50 silly fetch manifest encodeurl@^2.0.0
51 silly packumentCache full:https://registry.npmjs.org/encodeurl cache-miss
52 http fetch GET 200 https://registry.npmjs.org/vary 106ms (cache miss)
53 silly packumentCache full:https://registry.npmjs.org/vary set size:undefined disposed:false
54 silly fetch manifest mime-types@^3.0.0
55 silly packumentCache full:https://registry.npmjs.org/mime-types cache-miss
56 http fetch GET 200 https://registry.npmjs.org/accepts 109ms (cache miss)
57 silly packumentCache full:https://registry.npmjs.org/accepts set size:undefined disposed:false
58 silly fetch manifest proxy-addr@^2.0.7
59 silly packumentCache full:https://registry.npmjs.org/proxy-addr cache-miss
60 http fetch GET 200 https://registry.npmjs.org/type-is 113ms (cache miss)
61 silly packumentCache full:https://registry.npmjs.org/type-is set size:undefined disposed:false
62 silly fetch manifest body-parser@^2.2.0
63 silly packumentCache full:https://registry.npmjs.org/body-parser cache-miss
64 http fetch GET 200 https://registry.npmjs.org/fresh 119ms (cache miss)
65 silly packumentCache full:https://registry.npmjs.org/fresh set size:undefined disposed:false
66 silly fetch manifest escape-html@^1.0.3
67 silly packumentCache full:https://registry.npmjs.org/escape-html cache-miss
68 http fetch GET 200 https://registry.npmjs.org/cookie 123ms (cache miss)
69 silly packumentCache full:https://registry.npmjs.org/cookie set size:undefined disposed:false
70 silly fetch manifest http-errors@^2.0.0
71 silly packumentCache full:https://registry.npmjs.org/http-errors cache-miss
72 http fetch GET 200 https://registry.npmjs.org/parseurl 58ms (cache miss)
73 silly packumentCache full:https://registry.npmjs.org/parseurl set size:undefined disposed:false
74 silly fetch manifest on-finished@^2.4.1
75 silly packumentCache full:https://registry.npmjs.org/on-finished cache-miss
76 http fetch GET 200 https://registry.npmjs.org/router 131ms (cache miss)
77 silly packumentCache full:https://registry.npmjs.org/router set size:undefined disposed:false
78 silly fetch manifest content-type@^1.0.5
79 silly packumentCache full:https://registry.npmjs.org/content-type cache-miss
80 http fetch GET 200 https://registry.npmjs.org/debug 136ms (cache miss)
81 silly packumentCache full:https://registry.npmjs.org/debug set size:undefined disposed:false
82 silly fetch manifest finalhandler@^2.1.0
83 silly packumentCache full:https://registry.npmjs.org/finalhandler cache-miss
84 http fetch GET 200 https://registry.npmjs.org/send 141ms (cache miss)
85 silly packumentCache full:https://registry.npmjs.org/send set size:undefined disposed:false
86 silly fetch manifest range-parser@^1.2.1
87 silly packumentCache full:https://registry.npmjs.org/range-parser cache-miss
88 http fetch GET 200 https://registry.npmjs.org/encodeurl 54ms (cache miss)
89 silly packumentCache full:https://registry.npmjs.org/encodeurl set size:undefined disposed:false
90 silly fetch manifest serve-static@^2.2.0
91 silly packumentCache full:https://registry.npmjs.org/serve-static cache-miss
92 http fetch GET 200 https://registry.npmjs.org/escape-html 47ms (cache miss)
93 silly packumentCache full:https://registry.npmjs.org/escape-html set size:undefined disposed:false
94 silly fetch manifest cookie-signature@^1.2.1
95 silly packumentCache full:https://registry.npmjs.org/cookie-signature cache-miss
96 http fetch GET 200 https://registry.npmjs.org/on-finished 43ms (cache miss)
97 silly packumentCache full:https://registry.npmjs.org/on-finished set size:undefined disposed:false
98 silly fetch manifest merge-descriptors@^2.0.0
99 silly packumentCache full:https://registry.npmjs.org/merge-descriptors cache-miss
100 http fetch GET 200 https://registry.npmjs.org/statuses 73ms (cache miss)
101 silly packumentCache full:https://registry.npmjs.org/statuses set size:undefined disposed:false
102 silly fetch manifest content-disposition@^1.0.0
103 silly packumentCache full:https://registry.npmjs.org/content-disposition cache-miss
104 http fetch GET 200 https://registry.npmjs.org/proxy-addr 65ms (cache miss)
105 silly packumentCache full:https://registry.npmjs.org/proxy-addr set size:undefined disposed:false
106 http fetch GET 200 https://registry.npmjs.org/http-errors 57ms (cache miss)
107 silly packumentCache full:https://registry.npmjs.org/http-errors set size:undefined disposed:false
108 http fetch GET 200 https://registry.npmjs.org/content-type 49ms (cache miss)
109 silly packumentCache full:https://registry.npmjs.org/content-type set size:undefined disposed:false
110 http fetch GET 200 https://registry.npmjs.org/mime-types 83ms (cache miss)
111 silly packumentCache full:https://registry.npmjs.org/mime-types set size:undefined disposed:false
112 http fetch GET 200 https://registry.npmjs.org/body-parser 74ms (cache miss)
113 silly packumentCache full:https://registry.npmjs.org/body-parser set size:undefined disposed:false
114 http fetch GET 200 https://registry.npmjs.org/range-parser 53ms (cache miss)
115 silly packumentCache full:https://registry.npmjs.org/range-parser set size:undefined disposed:false
116 http fetch GET 200 https://registry.npmjs.org/finalhandler 60ms (cache miss)
117 silly packumentCache full:https://registry.npmjs.org/finalhandler set size:undefined disposed:false
118 http fetch GET 200 https://registry.npmjs.org/serve-static 46ms (cache miss)
119 silly packumentCache full:https://registry.npmjs.org/serve-static set size:undefined disposed:false
120 http fetch GET 200 https://registry.npmjs.org/cookie-signature 37ms (cache miss)
121 silly packumentCache full:https://registry.npmjs.org/cookie-signature set size:undefined disposed:false
122 http fetch GET 200 https://registry.npmjs.org/content-disposition 34ms (cache miss)
123 silly packumentCache full:https://registry.npmjs.org/content-disposition set size:undefined disposed:false
124 http fetch GET 200 https://registry.npmjs.org/merge-descriptors 37ms (cache miss)
125 silly packumentCache full:https://registry.npmjs.org/merge-descriptors set size:undefined disposed:false
126 silly placeDep ROOT accepts@2.0.0 OK for: express@5.1.0 want: ^2.0.0
127 silly placeDep ROOT body-parser@2.2.0 OK for: express@5.1.0 want: ^2.2.0
128 silly placeDep ROOT content-disposition@1.0.0 OK for: express@5.1.0 want: ^1.0.0
129 silly placeDep ROOT content-type@1.0.5 OK for: express@5.1.0 want: ^1.0.5
130 silly placeDep ROOT cookie@0.7.2 OK for: express@5.1.0 want: ^0.7.1
131 silly placeDep ROOT cookie-signature@1.2.2 OK for: express@5.1.0 want: ^1.2.1
132 silly placeDep ROOT debug@4.4.1 OK for: express@5.1.0 want: ^4.4.0
133 silly placeDep ROOT encodeurl@2.0.0 OK for: express@5.1.0 want: ^2.0.0
134 silly placeDep ROOT escape-html@1.0.3 OK for: express@5.1.0 want: ^1.0.3
135 silly placeDep ROOT etag@1.8.1 OK for: express@5.1.0 want: ^1.8.1
136 silly placeDep ROOT finalhandler@2.1.0 OK for: express@5.1.0 want: ^2.1.0
137 silly placeDep ROOT fresh@2.0.0 OK for: express@5.1.0 want: ^2.0.0
138 silly placeDep ROOT http-errors@2.0.0 OK for: express@5.1.0 want: ^2.0.0
139 silly placeDep ROOT merge-descriptors@2.0.0 OK for: express@5.1.0 want: ^2.0.0
140 silly placeDep ROOT mime-types@3.0.1 OK for: express@5.1.0 want: ^3.0.0
141 silly placeDep ROOT on-finished@2.4.1 OK for: express@5.1.0 want: ^2.4.1
142 silly placeDep ROOT once@1.4.0 OK for: express@5.1.0 want: ^1.4.0
143 silly placeDep ROOT parseurl@1.3.3 OK for: express@5.1.0 want: ^1.3.3
144 silly placeDep ROOT proxy-addr@2.0.7 OK for: express@5.1.0 want: ^2.0.7
145 silly placeDep ROOT qs@6.14.0 OK for: express@5.1.0 want: ^6.14.0
146 silly placeDep ROOT range-parser@1.2.1 OK for: express@5.1.0 want: ^1.2.1
147 silly placeDep ROOT router@2.2.0 OK for: express@5.1.0 want: ^2.2.0
148 silly placeDep ROOT send@1.2.0 OK for: express@5.1.0 want: ^1.1.0
149 silly placeDep ROOT serve-static@2.2.0 OK for: express@5.1.0 want: ^2.2.0
150 silly placeDep ROOT statuses@2.0.2 OK for: express@5.1.0 want: ^2.0.1
151 silly placeDep ROOT type-is@2.0.1 OK for: express@5.1.0 want: ^2.0.1
152 silly placeDep ROOT vary@1.1.2 OK for: express@5.1.0 want: ^1.1.2
153 silly fetch manifest negotiator@^1.0.0
154 silly packumentCache full:https://registry.npmjs.org/negotiator cache-miss
155 silly fetch manifest bytes@^3.1.2
156 silly packumentCache full:https://registry.npmjs.org/bytes cache-miss
157 silly fetch manifest iconv-lite@^0.6.3
158 silly packumentCache full:https://registry.npmjs.org/iconv-lite cache-miss
159 silly fetch manifest raw-body@^3.0.0
160 silly packumentCache full:https://registry.npmjs.org/raw-body cache-miss
161 silly fetch manifest type-is@^2.0.0
162 silly packumentCache full:https://registry.npmjs.org/type-is cache-miss
163 silly fetch manifest safe-buffer@5.2.1
164 silly packumentCache full:https://registry.npmjs.org/safe-buffer cache-miss
165 silly fetch manifest ms@^2.1.3
166 silly packumentCache full:https://registry.npmjs.org/ms cache-miss
167 silly fetch manifest depd@2.0.0
168 silly packumentCache full:https://registry.npmjs.org/depd cache-miss
169 silly fetch manifest inherits@2.0.4
170 silly packumentCache full:https://registry.npmjs.org/inherits cache-miss
171 silly fetch manifest statuses@2.0.1
172 silly packumentCache full:https://registry.npmjs.org/statuses cache-miss
173 silly fetch manifest toidentifier@1.0.1
174 silly packumentCache full:https://registry.npmjs.org/toidentifier cache-miss
175 http fetch GET 200 https://registry.npmjs.org/type-is 18ms (cache hit)
176 silly packumentCache full:https://registry.npmjs.org/type-is set size:86196 disposed:false
177 silly fetch manifest setprototypeof@1.2.0
178 silly packumentCache full:https://registry.npmjs.org/setprototypeof cache-miss
179 http fetch GET 200 https://registry.npmjs.org/statuses 18ms (cache hit)
180 silly packumentCache full:https://registry.npmjs.org/statuses set size:37117 disposed:false
181 silly fetch manifest mime-db@^1.54.0
182 silly packumentCache full:https://registry.npmjs.org/mime-db cache-miss
183 http fetch GET 200 https://registry.npmjs.org/iconv-lite 59ms (cache miss)
184 silly packumentCache full:https://registry.npmjs.org/iconv-lite set size:undefined disposed:false
185 silly fetch manifest ee-first@1.1.1
186 silly packumentCache full:https://registry.npmjs.org/ee-first cache-miss
187 http fetch GET 200 https://registry.npmjs.org/depd 58ms (cache miss)
188 silly packumentCache full:https://registry.npmjs.org/depd set size:undefined disposed:false
189 silly fetch manifest wrappy@1
190 silly packumentCache full:https://registry.npmjs.org/wrappy cache-miss
191 http fetch GET 200 https://registry.npmjs.org/inherits 60ms (cache miss)
192 silly packumentCache full:https://registry.npmjs.org/inherits set size:undefined disposed:false
193 silly fetch manifest forwarded@0.2.0
194 silly packumentCache full:https://registry.npmjs.org/forwarded cache-miss
195 http fetch GET 200 https://registry.npmjs.org/toidentifier 62ms (cache miss)
196 silly packumentCache full:https://registry.npmjs.org/toidentifier set size:undefined disposed:false
197 silly fetch manifest ipaddr.js@1.9.1
198 silly packumentCache full:https://registry.npmjs.org/ipaddr.js cache-miss
199 http fetch GET 200 https://registry.npmjs.org/ms 66ms (cache miss)
200 silly packumentCache full:https://registry.npmjs.org/ms set size:undefined disposed:false
201 silly fetch manifest side-channel@^1.1.0
202 silly packumentCache full:https://registry.npmjs.org/side-channel cache-miss
203 http fetch GET 200 https://registry.npmjs.org/bytes 77ms (cache miss)
204 silly packumentCache full:https://registry.npmjs.org/bytes set size:undefined disposed:false
205 silly fetch manifest depd@^2.0.0
206 silly packumentCache full:https://registry.npmjs.org/depd cache-miss
207 http fetch GET 200 https://registry.npmjs.org/negotiator 80ms (cache miss)
208 silly packumentCache full:https://registry.npmjs.org/negotiator set size:undefined disposed:false
209 silly fetch manifest is-promise@^4.0.0
210 silly packumentCache full:https://registry.npmjs.org/is-promise cache-miss
211 http fetch GET 200 https://registry.npmjs.org/safe-buffer 77ms (cache miss)
212 silly packumentCache full:https://registry.npmjs.org/safe-buffer set size:undefined disposed:false
213 silly fetch manifest path-to-regexp@^8.0.0
214 silly packumentCache full:https://registry.npmjs.org/path-to-regexp cache-miss
215 http fetch GET 200 https://registry.npmjs.org/setprototypeof 62ms (cache miss)
216 silly packumentCache full:https://registry.npmjs.org/setprototypeof set size:undefined disposed:false
217 silly fetch manifest media-typer@^1.1.0
218 silly packumentCache full:https://registry.npmjs.org/media-typer cache-miss
219 http fetch GET 200 https://registry.npmjs.org/raw-body 86ms (cache miss)
220 silly packumentCache full:https://registry.npmjs.org/raw-body set size:undefined disposed:false
221 http fetch GET 200 https://registry.npmjs.org/mime-db 63ms (cache miss)
222 silly packumentCache full:https://registry.npmjs.org/mime-db set size:undefined disposed:false
223 http fetch GET 200 https://registry.npmjs.org/depd 15ms (cache hit)
224 silly packumentCache full:https://registry.npmjs.org/depd set size:40182 disposed:false
225 http fetch GET 200 https://registry.npmjs.org/wrappy 30ms (cache miss)
226 silly packumentCache full:https://registry.npmjs.org/wrappy set size:undefined disposed:false
227 http fetch GET 200 https://registry.npmjs.org/ee-first 34ms (cache miss)
228 silly packumentCache full:https://registry.npmjs.org/ee-first set size:undefined disposed:false
229 http fetch GET 200 https://registry.npmjs.org/forwarded 29ms (cache miss)
230 silly packumentCache full:https://registry.npmjs.org/forwarded set size:undefined disposed:false
231 http fetch GET 200 https://registry.npmjs.org/ipaddr.js 35ms (cache miss)
232 silly packumentCache full:https://registry.npmjs.org/ipaddr.js set size:undefined disposed:false
233 http fetch GET 200 https://registry.npmjs.org/side-channel 37ms (cache miss)
234 silly packumentCache full:https://registry.npmjs.org/side-channel set size:undefined disposed:false
235 http fetch GET 200 https://registry.npmjs.org/media-typer 34ms (cache miss)
236 silly packumentCache full:https://registry.npmjs.org/media-typer set size:undefined disposed:false
237 http fetch GET 200 https://registry.npmjs.org/path-to-regexp 38ms (cache miss)
238 silly packumentCache full:https://registry.npmjs.org/path-to-regexp set size:undefined disposed:false
239 http fetch GET 200 https://registry.npmjs.org/is-promise 54ms (cache miss)
240 silly packumentCache full:https://registry.npmjs.org/is-promise set size:undefined disposed:false
241 silly placeDep ROOT negotiator@1.0.0 OK for: accepts@2.0.0 want: ^1.0.0
242 silly placeDep ROOT bytes@3.1.2 OK for: body-parser@2.2.0 want: ^3.1.2
243 silly placeDep ROOT iconv-lite@0.6.3 OK for: body-parser@2.2.0 want: ^0.6.3
244 silly placeDep ROOT raw-body@3.0.0 OK for: body-parser@2.2.0 want: ^3.0.0
245 silly fetch manifest safer-buffer@>= 2.1.2 < 3.0.0
246 silly packumentCache full:https://registry.npmjs.org/safer-buffer cache-miss
247 silly fetch manifest unpipe@1.0.0
248 silly packumentCache full:https://registry.npmjs.org/unpipe cache-miss
249 http fetch GET 200 https://registry.npmjs.org/unpipe 30ms (cache miss)
250 silly packumentCache full:https://registry.npmjs.org/unpipe set size:undefined disposed:false
251 http fetch GET 200 https://registry.npmjs.org/safer-buffer 39ms (cache miss)
252 silly packumentCache full:https://registry.npmjs.org/safer-buffer set size:undefined disposed:false
253 silly placeDep ROOT safe-buffer@5.2.1 OK for: content-disposition@1.0.0 want: 5.2.1
254 silly placeDep ROOT ms@2.1.3 OK for: debug@4.4.1 want: ^2.1.3
255 silly placeDep ROOT depd@2.0.0 OK for: http-errors@2.0.0 want: 2.0.0
256 silly placeDep ROOT inherits@2.0.4 OK for: http-errors@2.0.0 want: 2.0.4
257 silly placeDep ROOT setprototypeof@1.2.0 OK for: http-errors@2.0.0 want: 1.2.0
258 silly placeDep node_modules/http-errors statuses@2.0.1 OK for: http-errors@2.0.0 want: 2.0.1
259 silly placeDep ROOT toidentifier@1.0.1 OK for: http-errors@2.0.0 want: 1.0.1
260 silly placeDep ROOT safer-buffer@2.1.2 OK for: iconv-lite@0.6.3 want: >= 2.1.2 < 3.0.0
261 silly placeDep ROOT mime-db@1.54.0 OK for: mime-types@3.0.1 want: ^1.54.0
262 silly placeDep ROOT ee-first@1.1.1 OK for: on-finished@2.4.1 want: 1.1.1
263 silly placeDep ROOT wrappy@1.0.2 OK for: once@1.4.0 want: 1
264 silly placeDep ROOT forwarded@0.2.0 OK for: proxy-addr@2.0.7 want: 0.2.0
265 silly placeDep ROOT ipaddr.js@1.9.1 OK for: proxy-addr@2.0.7 want: 1.9.1
266 silly placeDep ROOT side-channel@1.1.0 OK for: qs@6.14.0 want: ^1.1.0
267 silly fetch manifest es-errors@^1.3.0
268 silly packumentCache full:https://registry.npmjs.org/es-errors cache-miss
269 silly fetch manifest object-inspect@^1.13.3
270 silly packumentCache full:https://registry.npmjs.org/object-inspect cache-miss
271 silly fetch manifest side-channel-list@^1.0.0
272 silly packumentCache full:https://registry.npmjs.org/side-channel-list cache-miss
273 silly fetch manifest side-channel-map@^1.0.1
274 silly packumentCache full:https://registry.npmjs.org/side-channel-map cache-miss
275 silly fetch manifest side-channel-weakmap@^1.0.2
276 silly packumentCache full:https://registry.npmjs.org/side-channel-weakmap cache-miss
277 http fetch GET 200 https://registry.npmjs.org/es-errors 35ms (cache miss)
278 silly packumentCache full:https://registry.npmjs.org/es-errors set size:undefined disposed:false
279 http fetch GET 200 https://registry.npmjs.org/side-channel-map 34ms (cache miss)
280 silly packumentCache full:https://registry.npmjs.org/side-channel-map set size:undefined disposed:false
281 http fetch GET 200 https://registry.npmjs.org/side-channel-list 35ms (cache miss)
282 silly packumentCache full:https://registry.npmjs.org/side-channel-list set size:undefined disposed:false
283 http fetch GET 200 https://registry.npmjs.org/side-channel-weakmap 35ms (cache miss)
284 silly packumentCache full:https://registry.npmjs.org/side-channel-weakmap set size:undefined disposed:false
285 http fetch GET 200 https://registry.npmjs.org/object-inspect 37ms (cache miss)
286 silly packumentCache full:https://registry.npmjs.org/object-inspect set size:undefined disposed:false
287 silly placeDep ROOT unpipe@1.0.0 OK for: raw-body@3.0.0 want: 1.0.0
288 silly placeDep ROOT is-promise@4.0.0 OK for: router@2.2.0 want: ^4.0.0
289 silly placeDep ROOT path-to-regexp@8.2.0 OK for: router@2.2.0 want: ^8.0.0
290 silly placeDep ROOT es-errors@1.3.0 OK for: side-channel@1.1.0 want: ^1.3.0
291 silly placeDep ROOT object-inspect@1.13.4 OK for: side-channel@1.1.0 want: ^1.13.3
292 silly placeDep ROOT side-channel-list@1.0.0 OK for: side-channel@1.1.0 want: ^1.0.0
293 silly placeDep ROOT side-channel-map@1.0.1 OK for: side-channel@1.1.0 want: ^1.0.1
294 silly placeDep ROOT side-channel-weakmap@1.0.2 OK for: side-channel@1.1.0 want: ^1.0.2
295 silly fetch manifest call-bound@^1.0.2
296 silly packumentCache full:https://registry.npmjs.org/call-bound cache-miss
297 silly fetch manifest get-intrinsic@^1.2.5
298 silly packumentCache full:https://registry.npmjs.org/get-intrinsic cache-miss
299 silly fetch manifest call-bound@^1.0.2
300 silly packumentCache full:https://registry.npmjs.org/call-bound cache-miss
301 silly fetch manifest get-intrinsic@^1.2.5
302 silly packumentCache full:https://registry.npmjs.org/get-intrinsic cache-miss
303 http fetch GET 200 https://registry.npmjs.org/call-bound 27ms (cache miss)
304 silly packumentCache full:https://registry.npmjs.org/call-bound set size:undefined disposed:false
305 http fetch GET 200 https://registry.npmjs.org/get-intrinsic 31ms (cache miss)
306 silly packumentCache full:https://registry.npmjs.org/get-intrinsic set size:undefined disposed:false
307 http fetch GET 200 https://registry.npmjs.org/get-intrinsic 33ms (cache miss)
308 silly packumentCache full:https://registry.npmjs.org/get-intrinsic set size:undefined disposed:false
309 http fetch GET 200 https://registry.npmjs.org/call-bound 41ms (cache miss)
310 silly packumentCache full:https://registry.npmjs.org/call-bound set size:undefined disposed:false
311 silly placeDep ROOT call-bound@1.0.4 OK for: side-channel-map@1.0.1 want: ^1.0.2
312 silly placeDep ROOT get-intrinsic@1.3.0 OK for: side-channel-map@1.0.1 want: ^1.2.5
313 silly fetch manifest call-bind-apply-helpers@^1.0.2
314 silly packumentCache full:https://registry.npmjs.org/call-bind-apply-helpers cache-miss
315 silly fetch manifest get-intrinsic@^1.3.0
316 silly packumentCache full:https://registry.npmjs.org/get-intrinsic cache-miss
317 silly fetch manifest call-bind-apply-helpers@^1.0.2
318 silly packumentCache full:https://registry.npmjs.org/call-bind-apply-helpers cache-miss
319 silly fetch manifest es-define-property@^1.0.1
320 silly packumentCache full:https://registry.npmjs.org/es-define-property cache-miss
321 silly fetch manifest es-object-atoms@^1.1.1
322 silly packumentCache full:https://registry.npmjs.org/es-object-atoms cache-miss
323 silly fetch manifest function-bind@^1.1.2
324 silly packumentCache full:https://registry.npmjs.org/function-bind cache-miss
325 silly fetch manifest get-proto@^1.0.1
326 silly packumentCache full:https://registry.npmjs.org/get-proto cache-miss
327 silly fetch manifest gopd@^1.2.0
328 silly packumentCache full:https://registry.npmjs.org/gopd cache-miss
329 silly fetch manifest has-symbols@^1.1.0
330 silly packumentCache full:https://registry.npmjs.org/has-symbols cache-miss
331 silly fetch manifest hasown@^2.0.2
332 silly packumentCache full:https://registry.npmjs.org/hasown cache-miss
333 silly fetch manifest math-intrinsics@^1.1.0
334 silly packumentCache full:https://registry.npmjs.org/math-intrinsics cache-miss
335 http fetch GET 200 https://registry.npmjs.org/get-intrinsic 14ms (cache hit)
336 silly packumentCache full:https://registry.npmjs.org/get-intrinsic set size:57687 disposed:false
337 http fetch GET 200 https://registry.npmjs.org/call-bind-apply-helpers 30ms (cache miss)
338 silly packumentCache full:https://registry.npmjs.org/call-bind-apply-helpers set size:undefined disposed:false
339 http fetch GET 200 https://registry.npmjs.org/function-bind 28ms (cache miss)
340 silly packumentCache full:https://registry.npmjs.org/function-bind set size:undefined disposed:false
341 http fetch GET 200 https://registry.npmjs.org/es-object-atoms 45ms (cache miss)
342 silly packumentCache full:https://registry.npmjs.org/es-object-atoms set size:undefined disposed:false
343 http fetch GET 200 https://registry.npmjs.org/call-bind-apply-helpers 47ms (cache miss)
344 silly packumentCache full:https://registry.npmjs.org/call-bind-apply-helpers set size:undefined disposed:false
345 http fetch GET 200 https://registry.npmjs.org/gopd 46ms (cache miss)
346 silly packumentCache full:https://registry.npmjs.org/gopd set size:undefined disposed:false
347 http fetch GET 200 https://registry.npmjs.org/get-proto 47ms (cache miss)
348 silly packumentCache full:https://registry.npmjs.org/get-proto set size:undefined disposed:false
349 http fetch GET 200 https://registry.npmjs.org/hasown 47ms (cache miss)
350 silly packumentCache full:https://registry.npmjs.org/hasown set size:undefined disposed:false
351 http fetch GET 200 https://registry.npmjs.org/has-symbols 48ms (cache miss)
352 silly packumentCache full:https://registry.npmjs.org/has-symbols set size:undefined disposed:false
353 http fetch GET 200 https://registry.npmjs.org/math-intrinsics 48ms (cache miss)
354 silly packumentCache full:https://registry.npmjs.org/math-intrinsics set size:undefined disposed:false
355 http fetch GET 200 https://registry.npmjs.org/es-define-property 53ms (cache miss)
356 silly packumentCache full:https://registry.npmjs.org/es-define-property set size:undefined disposed:false
357 silly placeDep ROOT call-bind-apply-helpers@1.0.2 OK for: call-bound@1.0.4 want: ^1.0.2
358 silly placeDep ROOT function-bind@1.1.2 OK for: call-bind-apply-helpers@1.0.2 want: ^1.1.2
359 silly placeDep ROOT es-define-property@1.0.1 OK for: get-intrinsic@1.3.0 want: ^1.0.1
360 silly placeDep ROOT es-object-atoms@1.1.1 OK for: get-intrinsic@1.3.0 want: ^1.1.1
361 silly placeDep ROOT get-proto@1.0.1 OK for: get-intrinsic@1.3.0 want: ^1.0.1
362 silly placeDep ROOT gopd@1.2.0 OK for: get-intrinsic@1.3.0 want: ^1.2.0
363 silly placeDep ROOT has-symbols@1.1.0 OK for: get-intrinsic@1.3.0 want: ^1.1.0
364 silly placeDep ROOT hasown@2.0.2 OK for: get-intrinsic@1.3.0 want: ^2.0.2
365 silly placeDep ROOT math-intrinsics@1.1.0 OK for: get-intrinsic@1.3.0 want: ^1.1.0
366 silly fetch manifest dunder-proto@^1.0.1
367 silly packumentCache full:https://registry.npmjs.org/dunder-proto cache-miss
368 http fetch GET 200 https://registry.npmjs.org/dunder-proto 35ms (cache miss)
369 silly packumentCache full:https://registry.npmjs.org/dunder-proto set size:undefined disposed:false
370 silly placeDep ROOT dunder-proto@1.0.1 OK for: get-proto@1.0.1 want: ^1.0.1
371 silly placeDep ROOT media-typer@1.1.0 OK for: type-is@2.0.1 want: ^1.1.0
372 silly reify moves {}
373 silly audit bulk request {
373 silly audit   express: [ '5.1.0' ],
373 silly audit   accepts: [ '2.0.0' ],
373 silly audit   'body-parser': [ '2.2.0' ],
373 silly audit   'content-disposition': [ '1.0.0' ],
373 silly audit   'content-type': [ '1.0.5' ],
373 silly audit   cookie: [ '0.7.2' ],
373 silly audit   'cookie-signature': [ '1.2.2' ],
373 silly audit   debug: [ '4.4.1' ],
373 silly audit   encodeurl: [ '2.0.0' ],
373 silly audit   'escape-html': [ '1.0.3' ],
373 silly audit   etag: [ '1.8.1' ],
373 silly audit   finalhandler: [ '2.1.0' ],
373 silly audit   fresh: [ '2.0.0' ],
373 silly audit   'http-errors': [ '2.0.0' ],
373 silly audit   'merge-descriptors': [ '2.0.0' ],
373 silly audit   'mime-types': [ '3.0.1' ],
373 silly audit   'on-finished': [ '2.4.1' ],
373 silly audit   once: [ '1.4.0' ],
373 silly audit   parseurl: [ '1.3.3' ],
373 silly audit   'proxy-addr': [ '2.0.7' ],
373 silly audit   qs: [ '6.14.0' ],
373 silly audit   'range-parser': [ '1.2.1' ],
373 silly audit   router: [ '2.2.0' ],
373 silly audit   send: [ '1.2.0' ],
373 silly audit   'serve-static': [ '2.2.0' ],
373 silly audit   statuses: [ '2.0.2', '2.0.1' ],
373 silly audit   'type-is': [ '2.0.1' ],
373 silly audit   vary: [ '1.1.2' ],
373 silly audit   negotiator: [ '1.0.0' ],
373 silly audit   bytes: [ '3.1.2' ],
373 silly audit   'iconv-lite': [ '0.6.3' ],
373 silly audit   'raw-body': [ '3.0.0' ],
373 silly audit   'safe-buffer': [ '5.2.1' ],
373 silly audit   ms: [ '2.1.3' ],
373 silly audit   depd: [ '2.0.0' ],
373 silly audit   inherits: [ '2.0.4' ],
373 silly audit   setprototypeof: [ '1.2.0' ],
373 silly audit   toidentifier: [ '1.0.1' ],
373 silly audit   'safer-buffer': [ '2.1.2' ],
373 silly audit   'mime-db': [ '1.54.0' ],
373 silly audit   'ee-first': [ '1.1.1' ],
373 silly audit   wrappy: [ '1.0.2' ],
373 silly audit   forwarded: [ '0.2.0' ],
373 silly audit   'ipaddr.js': [ '1.9.1' ],
373 silly audit   'side-channel': [ '1.1.0' ],
373 silly audit   unpipe: [ '1.0.0' ],
373 silly audit   'is-promise': [ '4.0.0' ],
373 silly audit   'path-to-regexp': [ '8.2.0' ],
373 silly audit   'es-errors': [ '1.3.0' ],
373 silly audit   'object-inspect': [ '1.13.4' ],
373 silly audit   'side-channel-list': [ '1.0.0' ],
373 silly audit   'side-channel-map': [ '1.0.1' ],
373 silly audit   'side-channel-weakmap': [ '1.0.2' ],
373 silly audit   'call-bound': [ '1.0.4' ],
373 silly audit   'get-intrinsic': [ '1.3.0' ],
373 silly audit   'call-bind-apply-helpers': [ '1.0.2' ],
373 silly audit   'function-bind': [ '1.1.2' ],
373 silly audit   'es-define-property': [ '1.0.1' ],
373 silly audit   'es-object-atoms': [ '1.1.1' ],
373 silly audit   'get-proto': [ '1.0.1' ],
373 silly audit   gopd: [ '1.2.0' ],
373 silly audit   'has-symbols': [ '1.1.0' ],
373 silly audit   hasown: [ '2.0.2' ],
373 silly audit   'math-intrinsics': [ '1.1.0' ],
373 silly audit   'dunder-proto': [ '1.0.1' ],
373 silly audit   'media-typer': [ '1.1.0' ]
373 silly audit }
374 silly tarball no local data for dunder-proto@https://registry.npmjs.org/dunder-proto/-/dunder-proto-1.0.1.tgz. Extracting by manifest.
375 silly tarball no local data for media-typer@https://registry.npmjs.org/media-typer/-/media-typer-1.1.0.tgz. Extracting by manifest.
376 silly tarball no local data for math-intrinsics@https://registry.npmjs.org/math-intrinsics/-/math-intrinsics-1.1.0.tgz. Extracting by manifest.
377 silly tarball no local data for hasown@https://registry.npmjs.org/hasown/-/hasown-2.0.2.tgz. Extracting by manifest.
378 silly tarball no local data for has-symbols@https://registry.npmjs.org/has-symbols/-/has-symbols-1.1.0.tgz. Extracting by manifest.
379 silly tarball no local data for gopd@https://registry.npmjs.org/gopd/-/gopd-1.2.0.tgz. Extracting by manifest.
380 silly tarball no local data for get-proto@https://registry.npmjs.org/get-proto/-/get-proto-1.0.1.tgz. Extracting by manifest.
381 silly tarball no local data for es-object-atoms@https://registry.npmjs.org/es-object-atoms/-/es-object-atoms-1.1.1.tgz. Extracting by manifest.
382 silly tarball no local data for es-define-property@https://registry.npmjs.org/es-define-property/-/es-define-property-1.0.1.tgz. Extracting by manifest.
383 silly tarball no local data for function-bind@https://registry.npmjs.org/function-bind/-/function-bind-1.1.2.tgz. Extracting by manifest.
384 silly tarball no local data for call-bind-apply-helpers@https://registry.npmjs.org/call-bind-apply-helpers/-/call-bind-apply-helpers-1.0.2.tgz. Extracting by manifest.
385 silly tarball no local data for get-intrinsic@https://registry.npmjs.org/get-intrinsic/-/get-intrinsic-1.3.0.tgz. Extracting by manifest.
386 silly tarball no local data for side-channel-weakmap@https://registry.npmjs.org/side-channel-weakmap/-/side-channel-weakmap-1.0.2.tgz. Extracting by manifest.
387 silly tarball no local data for call-bound@https://registry.npmjs.org/call-bound/-/call-bound-1.0.4.tgz. Extracting by manifest.
388 silly tarball no local data for side-channel-map@https://registry.npmjs.org/side-channel-map/-/side-channel-map-1.0.1.tgz. Extracting by manifest.
389 silly tarball no local data for side-channel-list@https://registry.npmjs.org/side-channel-list/-/side-channel-list-1.0.0.tgz. Extracting by manifest.
390 silly tarball no local data for object-inspect@https://registry.npmjs.org/object-inspect/-/object-inspect-1.13.4.tgz. Extracting by manifest.
391 silly tarball no local data for es-errors@https://registry.npmjs.org/es-errors/-/es-errors-1.3.0.tgz. Extracting by manifest.
392 silly tarball no local data for is-promise@https://registry.npmjs.org/is-promise/-/is-promise-4.0.0.tgz. Extracting by manifest.
393 silly tarball no local data for path-to-regexp@https://registry.npmjs.org/path-to-regexp/-/path-to-regexp-8.2.0.tgz. Extracting by manifest.
394 silly tarball no local data for side-channel@https://registry.npmjs.org/side-channel/-/side-channel-1.1.0.tgz. Extracting by manifest.
395 silly tarball no local data for ipaddr.js@https://registry.npmjs.org/ipaddr.js/-/ipaddr.js-1.9.1.tgz. Extracting by manifest.
396 silly tarball no local data for unpipe@https://registry.npmjs.org/unpipe/-/unpipe-1.0.0.tgz. Extracting by manifest.
397 silly tarball no local data for wrappy@https://registry.npmjs.org/wrappy/-/wrappy-1.0.2.tgz. Extracting by manifest.
398 silly tarball no local data for forwarded@https://registry.npmjs.org/forwarded/-/forwarded-0.2.0.tgz. Extracting by manifest.
399 silly tarball no local data for ee-first@https://registry.npmjs.org/ee-first/-/ee-first-1.1.1.tgz. Extracting by manifest.
400 silly tarball no local data for safer-buffer@https://registry.npmjs.org/safer-buffer/-/safer-buffer-2.1.2.tgz. Extracting by manifest.
401 silly tarball no local data for mime-db@https://registry.npmjs.org/mime-db/-/mime-db-1.54.0.tgz. Extracting by manifest.
402 silly tarball no local data for toidentifier@https://registry.npmjs.org/toidentifier/-/toidentifier-1.0.1.tgz. Extracting by manifest.
403 silly tarball no local data for setprototypeof@https://registry.npmjs.org/setprototypeof/-/setprototypeof-1.2.0.tgz. Extracting by manifest.
404 silly tarball no local data for inherits@https://registry.npmjs.org/inherits/-/inherits-2.0.4.tgz. Extracting by manifest.
405 silly tarball no local data for depd@https://registry.npmjs.org/depd/-/depd-2.0.0.tgz. Extracting by manifest.
406 silly tarball no local data for ms@https://registry.npmjs.org/ms/-/ms-2.1.3.tgz. Extracting by manifest.
407 silly tarball no local data for safe-buffer@https://registry.npmjs.org/safe-buffer/-/safe-buffer-5.2.1.tgz. Extracting by manifest.
408 silly tarball no local data for raw-body@https://registry.npmjs.org/raw-body/-/raw-body-3.0.0.tgz. Extracting by manifest.
409 silly tarball no local data for iconv-lite@https://registry.npmjs.org/iconv-lite/-/iconv-lite-0.6.3.tgz. Extracting by manifest.
410 silly tarball no local data for negotiator@https://registry.npmjs.org/negotiator/-/negotiator-1.0.0.tgz. Extracting by manifest.
411 silly tarball no local data for bytes@https://registry.npmjs.org/bytes/-/bytes-3.1.2.tgz. Extracting by manifest.
412 silly tarball no local data for vary@https://registry.npmjs.org/vary/-/vary-1.1.2.tgz. Extracting by manifest.
413 silly tarball no local data for type-is@https://registry.npmjs.org/type-is/-/type-is-2.0.1.tgz. Extracting by manifest.
414 silly tarball no local data for statuses@https://registry.npmjs.org/statuses/-/statuses-2.0.2.tgz. Extracting by manifest.
415 silly tarball no local data for send@https://registry.npmjs.org/send/-/send-1.2.0.tgz. Extracting by manifest.
416 silly tarball no local data for router@https://registry.npmjs.org/router/-/router-2.2.0.tgz. Extracting by manifest.
417 silly tarball no local data for serve-static@https://registry.npmjs.org/serve-static/-/serve-static-2.2.0.tgz. Extracting by manifest.
418 silly tarball no local data for qs@https://registry.npmjs.org/qs/-/qs-6.14.0.tgz. Extracting by manifest.
419 silly tarball no local data for range-parser@https://registry.npmjs.org/range-parser/-/range-parser-1.2.1.tgz. Extracting by manifest.
420 silly tarball no local data for proxy-addr@https://registry.npmjs.org/proxy-addr/-/proxy-addr-2.0.7.tgz. Extracting by manifest.
421 silly tarball no local data for parseurl@https://registry.npmjs.org/parseurl/-/parseurl-1.3.3.tgz. Extracting by manifest.
422 silly tarball no local data for once@https://registry.npmjs.org/once/-/once-1.4.0.tgz. Extracting by manifest.
423 silly tarball no local data for mime-types@https://registry.npmjs.org/mime-types/-/mime-types-3.0.1.tgz. Extracting by manifest.
424 silly tarball no local data for on-finished@https://registry.npmjs.org/on-finished/-/on-finished-2.4.1.tgz. Extracting by manifest.
425 silly tarball no local data for http-errors@https://registry.npmjs.org/http-errors/-/http-errors-2.0.0.tgz. Extracting by manifest.
426 silly tarball no local data for fresh@https://registry.npmjs.org/fresh/-/fresh-2.0.0.tgz. Extracting by manifest.
427 silly tarball no local data for finalhandler@https://registry.npmjs.org/finalhandler/-/finalhandler-2.1.0.tgz. Extracting by manifest.
428 silly tarball no local data for escape-html@https://registry.npmjs.org/escape-html/-/escape-html-1.0.3.tgz. Extracting by manifest.
429 silly tarball no local data for encodeurl@https://registry.npmjs.org/encodeurl/-/encodeurl-2.0.0.tgz. Extracting by manifest.
430 silly tarball no local data for etag@https://registry.npmjs.org/etag/-/etag-1.8.1.tgz. Extracting by manifest.
431 silly tarball no local data for debug@https://registry.npmjs.org/debug/-/debug-4.4.1.tgz. Extracting by manifest.
432 silly tarball no local data for cookie-signature@https://registry.npmjs.org/cookie-signature/-/cookie-signature-1.2.2.tgz. Extracting by manifest.
433 silly tarball no local data for merge-descriptors@https://registry.npmjs.org/merge-descriptors/-/merge-descriptors-2.0.0.tgz. Extracting by manifest.
434 silly tarball no local data for cookie@https://registry.npmjs.org/cookie/-/cookie-0.7.2.tgz. Extracting by manifest.
435 silly tarball no local data for content-disposition@https://registry.npmjs.org/content-disposition/-/content-disposition-1.0.0.tgz. Extracting by manifest.
436 silly tarball no local data for content-type@https://registry.npmjs.org/content-type/-/content-type-1.0.5.tgz. Extracting by manifest.
437 silly tarball no local data for body-parser@https://registry.npmjs.org/body-parser/-/body-parser-2.2.0.tgz. Extracting by manifest.
438 silly tarball no local data for express@https://registry.npmjs.org/express/-/express-5.1.0.tgz. Extracting by manifest.
439 silly tarball no local data for accepts@https://registry.npmjs.org/accepts/-/accepts-2.0.0.tgz. Extracting by manifest.
440 silly tarball no local data for statuses@https://registry.npmjs.org/statuses/-/statuses-2.0.1.tgz. Extracting by manifest.
441 http fetch POST 200 https://registry.npmjs.org/-/npm/v1/security/advisories/bulk 245ms
442 silly audit report {}
443 http fetch GET 200 https://registry.npmjs.org/dunder-proto/-/dunder-proto-1.0.1.tgz 358ms (cache miss)
444 http fetch GET 200 https://registry.npmjs.org/hasown/-/hasown-2.0.2.tgz 363ms (cache miss)
445 http fetch GET 200 https://registry.npmjs.org/get-proto/-/get-proto-1.0.1.tgz 367ms (cache miss)
446 http fetch GET 200 https://registry.npmjs.org/es-define-property/-/es-define-property-1.0.1.tgz 366ms (cache miss)
447 http fetch GET 200 https://registry.npmjs.org/gopd/-/gopd-1.2.0.tgz 369ms (cache miss)
448 http fetch GET 200 https://registry.npmjs.org/media-typer/-/media-typer-1.1.0.tgz 371ms (cache miss)
449 http fetch GET 200 https://registry.npmjs.org/es-object-atoms/-/es-object-atoms-1.1.1.tgz 368ms (cache miss)
450 http fetch GET 200 https://registry.npmjs.org/side-channel-map/-/side-channel-map-1.0.1.tgz 365ms (cache miss)
451 http fetch GET 200 https://registry.npmjs.org/is-promise/-/is-promise-4.0.0.tgz 362ms (cache miss)
452 http fetch GET 200 https://registry.npmjs.org/function-bind/-/function-bind-1.1.2.tgz 372ms (cache miss)
453 http fetch GET 200 https://registry.npmjs.org/side-channel-list/-/side-channel-list-1.0.0.tgz 369ms (cache miss)
454 http fetch GET 200 https://registry.npmjs.org/ipaddr.js/-/ipaddr.js-1.9.1.tgz 370ms (cache miss)
455 http fetch GET 200 https://registry.npmjs.org/side-channel/-/side-channel-1.1.0.tgz 372ms (cache miss)
456 http fetch GET 200 https://registry.npmjs.org/unpipe/-/unpipe-1.0.0.tgz 374ms (cache miss)
457 http fetch GET 200 https://registry.npmjs.org/forwarded/-/forwarded-0.2.0.tgz 371ms (cache miss)
458 http fetch GET 200 https://registry.npmjs.org/toidentifier/-/toidentifier-1.0.1.tgz 369ms (cache miss)
459 http fetch GET 200 https://registry.npmjs.org/safer-buffer/-/safer-buffer-2.1.2.tgz 370ms (cache miss)
460 http fetch GET 200 https://registry.npmjs.org/has-symbols/-/has-symbols-1.1.0.tgz 389ms (cache miss)
461 http fetch GET 200 https://registry.npmjs.org/wrappy/-/wrappy-1.0.2.tgz 378ms (cache miss)
462 http fetch GET 200 https://registry.npmjs.org/ee-first/-/ee-first-1.1.1.tgz 375ms (cache miss)
463 http fetch GET 200 https://registry.npmjs.org/negotiator/-/negotiator-1.0.0.tgz 369ms (cache miss)
464 http fetch GET 200 https://registry.npmjs.org/path-to-regexp/-/path-to-regexp-8.2.0.tgz 387ms (cache miss)
465 http fetch GET 200 https://registry.npmjs.org/setprototypeof/-/setprototypeof-1.2.0.tgz 378ms (cache miss)
466 http fetch GET 200 https://registry.npmjs.org/send/-/send-1.2.0.tgz 372ms (cache miss)
467 http fetch GET 200 https://registry.npmjs.org/side-channel-weakmap/-/side-channel-weakmap-1.0.2.tgz 395ms (cache miss)
468 http fetch GET 200 https://registry.npmjs.org/safe-buffer/-/safe-buffer-5.2.1.tgz 380ms (cache miss)
469 http fetch GET 200 https://registry.npmjs.org/inherits/-/inherits-2.0.4.tgz 382ms (cache miss)
470 http fetch GET 200 https://registry.npmjs.org/ms/-/ms-2.1.3.tgz 381ms (cache miss)
471 http fetch GET 200 https://registry.npmjs.org/type-is/-/type-is-2.0.1.tgz 377ms (cache miss)
472 http fetch GET 200 https://registry.npmjs.org/bytes/-/bytes-3.1.2.tgz 380ms (cache miss)
473 http fetch GET 200 https://registry.npmjs.org/once/-/once-1.4.0.tgz 373ms (cache miss)
474 http fetch GET 200 https://registry.npmjs.org/finalhandler/-/finalhandler-2.1.0.tgz 367ms (cache miss)
475 http fetch GET 200 https://registry.npmjs.org/depd/-/depd-2.0.0.tgz 386ms (cache miss)
476 http fetch GET 200 https://registry.npmjs.org/statuses/-/statuses-2.0.2.tgz 380ms (cache miss)
477 http fetch GET 200 https://registry.npmjs.org/escape-html/-/escape-html-1.0.3.tgz 368ms (cache miss)
478 http fetch GET 200 https://registry.npmjs.org/encodeurl/-/encodeurl-2.0.0.tgz 367ms (cache miss)
479 http fetch GET 200 https://registry.npmjs.org/es-errors/-/es-errors-1.3.0.tgz 400ms (cache miss)
480 http fetch GET 200 https://registry.npmjs.org/parseurl/-/parseurl-1.3.3.tgz 379ms (cache miss)
481 http fetch GET 200 https://registry.npmjs.org/range-parser/-/range-parser-1.2.1.tgz 380ms (cache miss)
482 http fetch GET 200 https://registry.npmjs.org/on-finished/-/on-finished-2.4.1.tgz 377ms (cache miss)
483 http fetch GET 200 https://registry.npmjs.org/serve-static/-/serve-static-2.2.0.tgz 384ms (cache miss)
484 http fetch GET 200 https://registry.npmjs.org/vary/-/vary-1.1.2.tgz 387ms (cache miss)
485 http fetch GET 200 https://registry.npmjs.org/mime-types/-/mime-types-3.0.1.tgz 379ms (cache miss)
486 http fetch GET 200 https://registry.npmjs.org/proxy-addr/-/proxy-addr-2.0.7.tgz 383ms (cache miss)
487 http fetch GET 200 https://registry.npmjs.org/content-disposition/-/content-disposition-1.0.0.tgz 368ms (cache miss)
488 http fetch GET 200 https://registry.npmjs.org/merge-descriptors/-/merge-descriptors-2.0.0.tgz 370ms (cache miss)
489 http fetch GET 200 https://registry.npmjs.org/cookie/-/cookie-0.7.2.tgz 369ms (cache miss)
490 http fetch GET 200 https://registry.npmjs.org/accepts/-/accepts-2.0.0.tgz 366ms (cache miss)
491 http fetch GET 200 https://registry.npmjs.org/router/-/router-2.2.0.tgz 387ms (cache miss)
492 http fetch GET 200 https://registry.npmjs.org/http-errors/-/http-errors-2.0.0.tgz 377ms (cache miss)
493 http fetch GET 200 https://registry.npmjs.org/fresh/-/fresh-2.0.0.tgz 377ms (cache miss)
494 http fetch GET 200 https://registry.npmjs.org/etag/-/etag-1.8.1.tgz 375ms (cache miss)
495 http fetch GET 200 https://registry.npmjs.org/cookie-signature/-/cookie-signature-1.2.2.tgz 373ms (cache miss)
496 http fetch GET 200 https://registry.npmjs.org/statuses/-/statuses-2.0.1.tgz 368ms (cache miss)
497 http fetch GET 200 https://registry.npmjs.org/content-type/-/content-type-1.0.5.tgz 371ms (cache miss)
498 http fetch GET 200 https://registry.npmjs.org/raw-body/-/raw-body-3.0.0.tgz 394ms (cache miss)
499 http fetch GET 200 https://registry.npmjs.org/body-parser/-/body-parser-2.2.0.tgz 372ms (cache miss)
500 http fetch GET 200 https://registry.npmjs.org/debug/-/debug-4.4.1.tgz 378ms (cache miss)
501 http fetch GET 200 https://registry.npmjs.org/call-bind-apply-helpers/-/call-bind-apply-helpers-1.0.2.tgz 415ms (cache miss)
502 http fetch GET 200 https://registry.npmjs.org/mime-db/-/mime-db-1.54.0.tgz 402ms (cache miss)
503 http fetch GET 200 https://registry.npmjs.org/get-intrinsic/-/get-intrinsic-1.3.0.tgz 415ms (cache miss)
504 http fetch GET 200 https://registry.npmjs.org/call-bound/-/call-bound-1.0.4.tgz 415ms (cache miss)
505 http fetch GET 200 https://registry.npmjs.org/math-intrinsics/-/math-intrinsics-1.1.0.tgz 425ms (cache miss)
506 http fetch GET 200 https://registry.npmjs.org/object-inspect/-/object-inspect-1.13.4.tgz 422ms (cache miss)
507 http fetch GET 200 https://registry.npmjs.org/express/-/express-5.1.0.tgz 386ms (cache miss)
508 http fetch GET 200 https://registry.npmjs.org/qs/-/qs-6.14.0.tgz 408ms (cache miss)
509 http fetch GET 200 https://registry.npmjs.org/iconv-lite/-/iconv-lite-0.6.3.tgz 416ms (cache miss)
510 silly ADD node_modules/media-typer
511 silly ADD node_modules/dunder-proto
512 silly ADD node_modules/math-intrinsics
513 silly ADD node_modules/hasown
514 silly ADD node_modules/has-symbols
515 silly ADD node_modules/gopd
516 silly ADD node_modules/get-proto
517 silly ADD node_modules/es-object-atoms
518 silly ADD node_modules/es-define-property
519 silly ADD node_modules/function-bind
520 silly ADD node_modules/call-bind-apply-helpers
521 silly ADD node_modules/get-intrinsic
522 silly ADD node_modules/call-bound
523 silly ADD node_modules/side-channel-weakmap
524 silly ADD node_modules/side-channel-map
525 silly ADD node_modules/side-channel-list
526 silly ADD node_modules/object-inspect
527 silly ADD node_modules/es-errors
528 silly ADD node_modules/path-to-regexp
529 silly ADD node_modules/is-promise
530 silly ADD node_modules/unpipe
531 silly ADD node_modules/side-channel
532 silly ADD node_modules/ipaddr.js
533 silly ADD node_modules/forwarded
534 silly ADD node_modules/wrappy
535 silly ADD node_modules/ee-first
536 silly ADD node_modules/mime-db
537 silly ADD node_modules/safer-buffer
538 silly ADD node_modules/toidentifier
539 silly ADD node_modules/setprototypeof
540 silly ADD node_modules/inherits
541 silly ADD node_modules/depd
542 silly ADD node_modules/ms
543 silly ADD node_modules/safe-buffer
544 silly ADD node_modules/raw-body
545 silly ADD node_modules/iconv-lite
546 silly ADD node_modules/bytes
547 silly ADD node_modules/negotiator
548 silly ADD node_modules/vary
549 silly ADD node_modules/type-is
550 silly ADD node_modules/statuses
551 silly ADD node_modules/serve-static
552 silly ADD node_modules/send
553 silly ADD node_modules/router
554 silly ADD node_modules/range-parser
555 silly ADD node_modules/qs
556 silly ADD node_modules/proxy-addr
557 silly ADD node_modules/parseurl
558 silly ADD node_modules/once
559 silly ADD node_modules/on-finished
560 silly ADD node_modules/mime-types
561 silly ADD node_modules/merge-descriptors
562 silly ADD node_modules/http-errors
563 silly ADD node_modules/http-errors/node_modules/statuses
564 silly ADD node_modules/fresh
565 silly ADD node_modules/finalhandler
566 silly ADD node_modules/etag
567 silly ADD node_modules/escape-html
568 silly ADD node_modules/encodeurl
569 silly ADD node_modules/debug
570 silly ADD node_modules/cookie-signature
571 silly ADD node_modules/cookie
572 silly ADD node_modules/content-type
573 silly ADD node_modules/content-disposition
574 silly ADD node_modules/body-parser
575 silly ADD node_modules/accepts
576 silly ADD node_modules/express
577 verbose cwd /home/nutriscan/www/expressjs
578 verbose os Linux 6.12.33-alwaysdata
579 verbose node v20.19.0
580 verbose npm  v10.8.2
581 verbose exit 0
582 info ok
